<?xml version="1.0" encoding="UTF-8"?>
<!-- Generated by org.testng.reporters.JUnitReportReporter -->
<testsuite hostname="Guru" failures="0" tests="1" name="BaseClass.TestClass" time="7.887" errors="0" timestamp="2024-04-08T16:28:15 IST" skipped="0">
  <testcase classname="BaseClass.TestClass" name="booking" time="7.887"/>
</testsuite> <!-- BaseClass.TestClass -->
